Checking whether the ASM compiler is GNU using "--version" did not match "(GNU assembler)|(GCC)|(Free Software Foundation)":
Microsoft (R) C/C++ Optimizing Compiler Version 19.29.30158 for x64
Copyright (C) Microsoft Corporation.  All rights reserved.

cl : Command line warning D9002 : ignoring unknown option '--version'
cl : Command line error D8003 : missing source filename
Checking whether the ASM compiler is Clang using "--version" did not match "(clang version)":
Microsoft (R) C/C++ Optimizing Compiler Version 19.29.30158 for x64
Copyright (C) Microsoft Corporation.  All rights reserved.

cl : Command line warning D9002 : ignoring unknown option '--version'
cl : Command line error D8003 : missing source filename
Checking whether the ASM compiler is AppleClang using "--version" did not match "(Apple LLVM version)":
Microsoft (R) C/C++ Optimizing Compiler Version 19.29.30158 for x64
Copyright (C) Microsoft Corporation.  All rights reserved.

cl : Command line warning D9002 : ignoring unknown option '--version'
cl : Command line error D8003 : missing source filename
Checking whether the ASM compiler is ARMClang using "--version" did not match "armclang":
Microsoft (R) C/C++ Optimizing Compiler Version 19.29.30158 for x64
Copyright (C) Microsoft Corporation.  All rights reserved.

cl : Command line warning D9002 : ignoring unknown option '--version'
cl : Command line error D8003 : missing source filename
Checking whether the ASM compiler is HP using "-V" did not match "HP C":
Microsoft (R) C/C++ Optimizing Compiler Version 19.29.30158 for x64
Copyright (C) Microsoft Corporation.  All rights reserved.

cl : Command line error D8004 : '/V' requires an argument
Checking whether the ASM compiler is Intel using "--version" did not match "(ICC)":
Microsoft (R) C/C++ Optimizing Compiler Version 19.29.30158 for x64
Copyright (C) Microsoft Corporation.  All rights reserved.

cl : Command line warning D9002 : ignoring unknown option '--version'
cl : Command line error D8003 : missing source filename
Checking whether the ASM compiler is IntelLLVM using "--version" did not match "(Intel[^
]+oneAPI)":
Microsoft (R) C/C++ Optimizing Compiler Version 19.29.30158 for x64
Copyright (C) Microsoft Corporation.  All rights reserved.

cl : Command line warning D9002 : ignoring unknown option '--version'
cl : Command line error D8003 : missing source filename
Checking whether the ASM compiler is SunPro using "-V" did not match "Sun C":
Microsoft (R) C/C++ Optimizing Compiler Version 19.29.30158 for x64
Copyright (C) Microsoft Corporation.  All rights reserved.

cl : Command line error D8004 : '/V' requires an argument
Checking whether the ASM compiler is XL using "-qversion" did not match "XL C":
Microsoft (R) C/C++ Optimizing Compiler Version 19.29.30158 for x64
Copyright (C) Microsoft Corporation.  All rights reserved.

cl : Command line warning D9002 : ignoring unknown option '-qversion'
cl : Command line error D8003 : missing source filename
Detecting CXX compiler ABI info failed to compile with the following output:
Change Dir: H:/Documents/PVZAI/CMakeFiles/CMakeTmp

Run Build Command(s):C:/Program Files (x86)/Microsoft Visual Studio/2019/Community/MSBuild/Current/Bin/MSBuild.exe cmTC_43cb5.vcxproj /p:Configuration=Debug /p:Platform=x64 /p:VisualStudioVersion=16.0 /v:m && Microsoft (R) Build Engine version 16.11.2+f32259642 for .NET Framework
Copyright (C) Microsoft Corporation. All rights reserved.

  Microsoft (R) C/C++ Optimizing Compiler Version 19.29.30158 for x64
  Copyright (C) Microsoft Corporation.  All rights reserved.
  CMakeCXXCompilerABI.cpp
  cl /c /Zi /W3 /WX- /diagnostics:column /Od /Ob0 /D WIN32 /D _WINDOWS /D "CMAKE_INTDIR=\"Debug\"" /D _MBCS /Gm- /EHsc /RTC1 /MDd /GS /fp:precise /Zc:wchar_t /Zc:forScope /Zc:inline /GR /Fo"cmTC_43cb5.dir\Debug\\" /Fd"cmTC_43cb5.dir\Debug\vc142.pdb" /external:W3 /Gd /TP /errorReport:queue "C:\Program Files (x86)\Microsoft Visual Studio\2019\Community\Common7\IDE\CommonExtensions\Microsoft\CMake\CMake\share\cmake-3.20\Modules\CMakeCXXCompilerABI.cpp"
C:\Program Files (x86)\Microsoft Visual Studio\2019\Community\Common7\IDE\CommonExtensions\Microsoft\CMake\CMake\share\cmake-3.20\Modules\CMakeCXXCompilerABI.cpp : fatal error C1090: PDB API call failed, error code '3': H:\Documents\PVZAI\CMakeFiles\CMakeTmp\cmTC_43cb5.dir\Debug\vc142.pdb [H:\Documents\PVZAI\CMakeFiles\CMakeTmp\cmTC_43cb5.vcxproj]




